<?xml version="1.0" encoding="UTF-8"?>
<!-- Generated by org.testng.reporters.JUnitXMLReporter -->
<testsuite ignored="0" hostname="DESKTOP-VCUM36R" failures="0" tests="3" name="OperaTest" time="17.187" errors="0" timestamp="2022-03-05T12:47:30 IST">
  <testcase classname="pomExecution.NewTestNG1" name="@BeforeTest launchBrowser" time="-1.646464650194E9">
    <failure type="org.testng.TestNGException" message="
Parameter &amp;apos;Browsers&amp;apos; is required by BeforeTest on method launchBrowser but has not been marked @Optional or defined
in D:\Eclipsse workspace\EWS\OpenCart_Pooja\testng.xml">
      <![CDATA[org.testng.TestNGException: 
Parameter 'Browsers' is required by BeforeTest on method launchBrowser but has not been marked @Optional or defined
in D:\Eclipsse workspace\EWS\OpenCart_Pooja\testng.xml
... Removed 21 stack frames]]>
    </failure>
  </testcase> <!-- @BeforeTest launchBrowser -->
  <testcase classname="pomExecution.NewTestNG" name="@BeforeClass createObjectOfPom" time="-1.646464650205E9">
    <skipped/>
  </testcase> <!-- @BeforeClass createObjectOfPom -->
  <testcase classname="pomExecution.NewTestNG" name="@BeforeMethod loginToApplication" time="-1.646464650209E9">
    <skipped/>
  </testcase> <!-- @BeforeMethod loginToApplication -->
  <testcase classname="pomExecution.NewTestNG" name="@AfterMethod logout" time="-1.646464650221E9">
    <skipped/>
  </testcase> <!-- @AfterMethod logout -->
  <testcase classname="pomExecution.NewTestNG" name="@AfterClass clearPomObject" time="-1.646464650225E9">
    <skipped/>
  </testcase> <!-- @AfterClass clearPomObject -->
  <testcase classname="pomExecution.NewTestNG1" name="@BeforeClass createObjectOfPom" time="-1.64646465023E9">
    <skipped/>
  </testcase> <!-- @BeforeClass createObjectOfPom -->
  <testcase classname="pomExecution.NewTestNG1" name="@BeforeMethod loginToApplication" time="-1.646464650237E9">
    <skipped/>
  </testcase> <!-- @BeforeMethod loginToApplication -->
  <testcase classname="pomExecution.NewTestNG1" name="@AfterMethod logout" time="-1.646464650245E9">
    <skipped/>
  </testcase> <!-- @AfterMethod logout -->
  <testcase classname="pomExecution.NewTestNG1" name="@AfterClass clearThePom" time="-1.646464650252E9">
    <skipped/>
  </testcase> <!-- @AfterClass clearThePom -->
  <testcase classname="pomExecution.NewTestNG2" name="@BeforeClass launchBrowser" time="-1.646464650256E9">
    <skipped/>
  </testcase> <!-- @BeforeClass launchBrowser -->
  <testcase classname="pomExecution.NewTestNG2" name="@BeforeMethod loginToApplication" time="-1.646464650259E9">
    <skipped/>
  </testcase> <!-- @BeforeMethod loginToApplication -->
  <testcase classname="pomExecution.NewTestNG2" name="@AfterMethod logout" time="-1.646464650269E9">
    <skipped/>
  </testcase> <!-- @AfterMethod logout -->
  <testcase classname="pomExecution.NewTestNG2" name="@AfterClass closedBrowser" time="-1.646464650271E9">
    <skipped/>
  </testcase> <!-- @AfterClass closedBrowser -->
  <testcase classname="pomExecution.NewTestNG" name="@AfterTest closedBrowser" time="-1.646464650274E9">
    <skipped/>
  </testcase> <!-- @AfterTest closedBrowser -->
  <testcase classname="pomExecution.NewTestNG1" name="@AfterTest closedBrowser" time="-1.646464650277E9">
    <skipped/>
  </testcase> <!-- @AfterTest closedBrowser -->
  <testcase classname="pomExecution.NewTestNG" name="registerPage" time="0.0">
    <skipped/>
  </testcase> <!-- registerPage -->
  <testcase classname="pomExecution.NewTestNG1" name="loginPage" time="0.0">
    <skipped/>
  </testcase> <!-- loginPage -->
  <testcase classname="pomExecution.NewTestNG2" name="loginPage" time="0.0">
    <skipped/>
  </testcase> <!-- loginPage -->
</testsuite> <!-- OperaTest -->
