<!DOCTYPE html PUBLIC "-//W3C//DTD XHTML 1.1//EN" "https://www.w3.org/TR/xhtml11/DTD/xhtml11.dtd">
<html xmlns="https://www.w3.org/1999/xhtml">
<head>
<meta http-equiv="content-type" content="text/html; charset=UTF-8"/>
<title>TestNG Report</title>
<style type="text/css">table {margin-bottom:10px;border-collapse:collapse;empty-cells:show}th,td {border:1px solid #009;padding:.25em .5em}th {vertical-align:bottom}td {vertical-align:top}table a {font-weight:bold}.stripe td {background-color: #E6EBF9}.num {text-align:right}.passedodd td {background-color: #3F3}.passedeven td {background-color: #0A0}.skippedodd td {background-color: #DDD}.skippedeven td {background-color: #CCC}.failedodd td,.attn {background-color: #F33}.failedeven td,.stripe .attn {background-color: #D00}.stacktrace {white-space:pre;font-family:monospace}.totop {font-size:85%;text-align:center;border-bottom:2px solid #000}.invisible {display:none}</style>
</head>
<body>
<table>
<tr><th>Test</th><th># Passed</th><th># Skipped</th><th># Retried</th><th># Failed</th><th>Time (ms)</th><th>Included Groups</th><th>Excluded Groups</th></tr>
<tr><th colspan="8">Suite</th></tr>
<tr><td><a href="#t0">ChromeTest</a></td><td class="num">0</td><td class="num attn">3</td><td class="num">0</td><td class="num">0</td><td class="num">152</td><td></td><td></td></tr>
<tr class="stripe"><td><a href="#t1">OperaTest</a></td><td class="num">0</td><td class="num attn">3</td><td class="num">0</td><td class="num">0</td><td class="num">17,187</td><td></td><td></td></tr>
<tr><th>Total</th><th class="num">0</th><th class="num attn">6</th><th class="num">0</th><th class="num">0</th><th class="num">17,339</th><th colspan="2"></th></tr>
</table>
<table id='summary'><thead><tr><th>Class</th><th>Method</th><th>Start</th><th>Time (ms)</th></tr></thead><tbody><tr><th colspan="4">Suite</th></tr></tbody><tbody id="t0"><tr><th colspan="4">ChromeTest &#8212; failed (configuration methods)</th></tr><tr class="failedeven"><td rowspan="1">pomExecution.NewTestNG</td><td><a href="#m0">launchBrowser</a></td><td rowspan="1">1646464632834</td><td rowspan="1">37</td></tr><tr><th colspan="4">ChromeTest &#8212; skipped (configuration methods)</th></tr><tr class="skippedeven"><td rowspan="5">pomExecution.NewTestNG</td><td><a href="#m1">clearPomObject</a></td><td rowspan="1">1646464632945</td><td rowspan="1">-1646464632945</td></tr><tr class="skippedeven"><td><a href="#m2">closedBrowser</a></td><td rowspan="1">1646464632976</td><td rowspan="1">-1646464632976</td></tr><tr class="skippedeven"><td><a href="#m3">createObjectOfPom</a></td><td rowspan="1">1646464632916</td><td rowspan="1">-1646464632916</td></tr><tr class="skippedeven"><td><a href="#m4">loginToApplication</a></td><td rowspan="1">1646464632934</td><td rowspan="1">-1646464632934</td></tr><tr class="skippedeven"><td><a href="#m5">logout</a></td><td rowspan="1">1646464632942</td><td rowspan="1">-1646464632942</td></tr><tr class="skippedodd"><td rowspan="6">pomExecution.NewTestNG1</td><td><a href="#m6">clearThePom</a></td><td rowspan="1">1646464632960</td><td rowspan="1">-1646464632960</td></tr><tr class="skippedodd"><td><a href="#m7">closedBrowser</a></td><td rowspan="1">1646464632978</td><td rowspan="1">-1646464632978</td></tr><tr class="skippedodd"><td><a href="#m8">createObjectOfPom</a></td><td rowspan="1">1646464632951</td><td rowspan="1">-1646464632951</td></tr><tr class="skippedodd"><td><a href="#m9">launchBrowser</a></td><td rowspan="1">1646464632893</td><td rowspan="1">-1646464632893</td></tr><tr class="skippedodd"><td><a href="#m10">loginToApplication</a></td><td rowspan="1">1646464632953</td><td rowspan="1">-1646464632953</td></tr><tr class="skippedodd"><td><a href="#m11">logout</a></td><td rowspan="1">1646464632959</td><td rowspan="1">-1646464632959</td></tr><tr class="skippedeven"><td rowspan="4">pomExecution.NewTestNG2</td><td><a href="#m12">closedBrowser</a></td><td rowspan="1">1646464632976</td><td rowspan="1">-1646464632976</td></tr><tr class="skippedeven"><td><a href="#m13">launchBrowser</a></td><td rowspan="1">1646464632961</td><td rowspan="1">-1646464632961</td></tr><tr class="skippedeven"><td><a href="#m14">loginToApplication</a></td><td rowspan="1">1646464632963</td><td rowspan="1">-1646464632963</td></tr><tr class="skippedeven"><td><a href="#m15">logout</a></td><td rowspan="1">1646464632974</td><td rowspan="1">-1646464632974</td></tr><tr><th colspan="4">ChromeTest &#8212; skipped</th></tr><tr class="skippedeven"><td rowspan="1">pomExecution.NewTestNG</td><td><a href="#m16">registerPage</a></td><td rowspan="1">1646464632937</td><td rowspan="1">0</td></tr><tr class="skippedodd"><td rowspan="1">pomExecution.NewTestNG1</td><td><a href="#m17">loginPage</a></td><td rowspan="1">1646464632954</td><td rowspan="1">0</td></tr><tr class="skippedeven"><td rowspan="1">pomExecution.NewTestNG2</td><td><a href="#m18">loginPage</a></td><td rowspan="1">1646464632964</td><td rowspan="1">0</td></tr></tbody>
<tbody id="t1"><tr><th colspan="4">OperaTest &#8212; failed (configuration methods)</th></tr><tr class="failedeven"><td rowspan="1">pomExecution.NewTestNG1</td><td><a href="#m19">launchBrowser</a></td><td rowspan="1">1646464650194</td><td rowspan="1">-1646464650194</td></tr><tr><th colspan="4">OperaTest &#8212; skipped (configuration methods)</th></tr><tr class="skippedeven"><td rowspan="5">pomExecution.NewTestNG</td><td><a href="#m20">clearPomObject</a></td><td rowspan="1">1646464650225</td><td rowspan="1">-1646464650225</td></tr><tr class="skippedeven"><td><a href="#m21">closedBrowser</a></td><td rowspan="1">1646464650274</td><td rowspan="1">-1646464650274</td></tr><tr class="skippedeven"><td><a href="#m22">createObjectOfPom</a></td><td rowspan="1">1646464650205</td><td rowspan="1">-1646464650205</td></tr><tr class="skippedeven"><td><a href="#m23">loginToApplication</a></td><td rowspan="1">1646464650209</td><td rowspan="1">-1646464650209</td></tr><tr class="skippedeven"><td><a href="#m24">logout</a></td><td rowspan="1">1646464650221</td><td rowspan="1">-1646464650221</td></tr><tr class="skippedodd"><td rowspan="5">pomExecution.NewTestNG1</td><td><a href="#m25">clearThePom</a></td><td rowspan="1">1646464650252</td><td rowspan="1">-1646464650252</td></tr><tr class="skippedodd"><td><a href="#m26">closedBrowser</a></td><td rowspan="1">1646464650277</td><td rowspan="1">-1646464650277</td></tr><tr class="skippedodd"><td><a href="#m27">createObjectOfPom</a></td><td rowspan="1">1646464650230</td><td rowspan="1">-1646464650230</td></tr><tr class="skippedodd"><td><a href="#m28">loginToApplication</a></td><td rowspan="1">1646464650237</td><td rowspan="1">-1646464650237</td></tr><tr class="skippedodd"><td><a href="#m29">logout</a></td><td rowspan="1">1646464650245</td><td rowspan="1">-1646464650245</td></tr><tr class="skippedeven"><td rowspan="4">pomExecution.NewTestNG2</td><td><a href="#m30">closedBrowser</a></td><td rowspan="1">1646464650271</td><td rowspan="1">-1646464650271</td></tr><tr class="skippedeven"><td><a href="#m31">launchBrowser</a></td><td rowspan="1">1646464650256</td><td rowspan="1">-1646464650256</td></tr><tr class="skippedeven"><td><a href="#m32">loginToApplication</a></td><td rowspan="1">1646464650259</td><td rowspan="1">-1646464650259</td></tr><tr class="skippedeven"><td><a href="#m33">logout</a></td><td rowspan="1">1646464650269</td><td rowspan="1">-1646464650269</td></tr><tr><th colspan="4">OperaTest &#8212; skipped</th></tr><tr class="skippedeven"><td rowspan="1">pomExecution.NewTestNG</td><td><a href="#m34">registerPage</a></td><td rowspan="1">1646464650212</td><td rowspan="1">0</td></tr><tr class="skippedodd"><td rowspan="1">pomExecution.NewTestNG1</td><td><a href="#m35">loginPage</a></td><td rowspan="1">1646464650241</td><td rowspan="1">0</td></tr><tr class="skippedeven"><td rowspan="1">pomExecution.NewTestNG2</td><td><a href="#m36">loginPage</a></td><td rowspan="1">1646464650262</td><td rowspan="1">0</td></tr></tbody>
</table>
<h2>ChromeTest</h2><h3 id="m0">pomExecution.NewTestNG#launchBrowser</h3><table class="result"><tr class="param"><th>Parameter #1</th></tr><tr class="param stripe"><td>chrome</td></tr><tr><th>Exception</th></tr><tr><td><div class="stacktrace">java.lang.NullPointerException: Cannot invoke &quot;org.openqa.selenium.WebDriver.manage()&quot; because &quot;this.driver&quot; is null
	at pomExecution.NewTestNG.launchBrowser(NewTestNG.java:44)
... Removed 24 stack frames</div></td></tr></table><p class="totop"><a href="#summary">back to summary</a></p>
<h3 id="m1">pomExecution.NewTestNG#clearPomObject</h3><table class="result"><tr><th class="invisible"/></tr></table><p class="totop"><a href="#summary">back to summary</a></p>
<h3 id="m2">pomExecution.NewTestNG#closedBrowser</h3><table class="result"><tr><th class="invisible"/></tr></table><p class="totop"><a href="#summary">back to summary</a></p>
<h3 id="m3">pomExecution.NewTestNG#createObjectOfPom</h3><table class="result"><tr><th class="invisible"/></tr></table><p class="totop"><a href="#summary">back to summary</a></p>
<h3 id="m4">pomExecution.NewTestNG#loginToApplication</h3><table class="result"><tr><th class="invisible"/></tr></table><p class="totop"><a href="#summary">back to summary</a></p>
<h3 id="m5">pomExecution.NewTestNG#logout</h3><table class="result"><tr><th class="invisible"/></tr></table><p class="totop"><a href="#summary">back to summary</a></p>
<h3 id="m6">pomExecution.NewTestNG1#clearThePom</h3><table class="result"><tr><th class="invisible"/></tr></table><p class="totop"><a href="#summary">back to summary</a></p>
<h3 id="m7">pomExecution.NewTestNG1#closedBrowser</h3><table class="result"><tr><th class="invisible"/></tr></table><p class="totop"><a href="#summary">back to summary</a></p>
<h3 id="m8">pomExecution.NewTestNG1#createObjectOfPom</h3><table class="result"><tr><th class="invisible"/></tr></table><p class="totop"><a href="#summary">back to summary</a></p>
<h3 id="m9">pomExecution.NewTestNG1#launchBrowser</h3><table class="result"><tr><th class="invisible"/></tr></table><p class="totop"><a href="#summary">back to summary</a></p>
<h3 id="m10">pomExecution.NewTestNG1#loginToApplication</h3><table class="result"><tr><th class="invisible"/></tr></table><p class="totop"><a href="#summary">back to summary</a></p>
<h3 id="m11">pomExecution.NewTestNG1#logout</h3><table class="result"><tr><th class="invisible"/></tr></table><p class="totop"><a href="#summary">back to summary</a></p>
<h3 id="m12">pomExecution.NewTestNG2#closedBrowser</h3><table class="result"><tr><th class="invisible"/></tr></table><p class="totop"><a href="#summary">back to summary</a></p>
<h3 id="m13">pomExecution.NewTestNG2#launchBrowser</h3><table class="result"><tr><th class="invisible"/></tr></table><p class="totop"><a href="#summary">back to summary</a></p>
<h3 id="m14">pomExecution.NewTestNG2#loginToApplication</h3><table class="result"><tr><th class="invisible"/></tr></table><p class="totop"><a href="#summary">back to summary</a></p>
<h3 id="m15">pomExecution.NewTestNG2#logout</h3><table class="result"><tr><th class="invisible"/></tr></table><p class="totop"><a href="#summary">back to summary</a></p>
<h3 id="m16">pomExecution.NewTestNG#registerPage</h3><table class="result"><tr><th>Exception</th></tr><tr><td><div class="stacktrace">java.lang.NullPointerException: Cannot invoke &quot;org.openqa.selenium.WebDriver.manage()&quot; because &quot;this.driver&quot; is null
	at pomExecution.NewTestNG.launchBrowser(NewTestNG.java:44)
... Removed 24 stack frames</div></td></tr></table><p class="totop"><a href="#summary">back to summary</a></p>
<h3 id="m17">pomExecution.NewTestNG1#loginPage</h3><table class="result"><tr><th>Exception</th></tr><tr><td><div class="stacktrace">java.lang.NullPointerException: Cannot invoke &quot;org.openqa.selenium.WebDriver.manage()&quot; because &quot;this.driver&quot; is null
	at pomExecution.NewTestNG.launchBrowser(NewTestNG.java:44)
... Removed 24 stack frames</div></td></tr></table><p class="totop"><a href="#summary">back to summary</a></p>
<h3 id="m18">pomExecution.NewTestNG2#loginPage</h3><table class="result"><tr><th>Exception</th></tr><tr><td><div class="stacktrace">java.lang.NullPointerException: Cannot invoke &quot;org.openqa.selenium.WebDriver.manage()&quot; because &quot;this.driver&quot; is null
	at pomExecution.NewTestNG.launchBrowser(NewTestNG.java:44)
... Removed 24 stack frames</div></td></tr></table><p class="totop"><a href="#summary">back to summary</a></p>
<h2>OperaTest</h2><h3 id="m19">pomExecution.NewTestNG1#launchBrowser</h3><table class="result"><tr><th>Exception</th></tr><tr><td><div class="stacktrace">org.testng.TestNGException: 
Parameter &apos;Browsers&apos; is required by BeforeTest on method launchBrowser but has not been marked @Optional or defined
in D:\Eclipsse workspace\EWS\OpenCart_Pooja\testng.xml
... Removed 21 stack frames</div></td></tr></table><p class="totop"><a href="#summary">back to summary</a></p>
<h3 id="m20">pomExecution.NewTestNG#clearPomObject</h3><table class="result"><tr><th class="invisible"/></tr></table><p class="totop"><a href="#summary">back to summary</a></p>
<h3 id="m21">pomExecution.NewTestNG#closedBrowser</h3><table class="result"><tr><th class="invisible"/></tr></table><p class="totop"><a href="#summary">back to summary</a></p>
<h3 id="m22">pomExecution.NewTestNG#createObjectOfPom</h3><table class="result"><tr><th class="invisible"/></tr></table><p class="totop"><a href="#summary">back to summary</a></p>
<h3 id="m23">pomExecution.NewTestNG#loginToApplication</h3><table class="result"><tr><th class="invisible"/></tr></table><p class="totop"><a href="#summary">back to summary</a></p>
<h3 id="m24">pomExecution.NewTestNG#logout</h3><table class="result"><tr><th class="invisible"/></tr></table><p class="totop"><a href="#summary">back to summary</a></p>
<h3 id="m25">pomExecution.NewTestNG1#clearThePom</h3><table class="result"><tr><th class="invisible"/></tr></table><p class="totop"><a href="#summary">back to summary</a></p>
<h3 id="m26">pomExecution.NewTestNG1#closedBrowser</h3><table class="result"><tr><th class="invisible"/></tr></table><p class="totop"><a href="#summary">back to summary</a></p>
<h3 id="m27">pomExecution.NewTestNG1#createObjectOfPom</h3><table class="result"><tr><th class="invisible"/></tr></table><p class="totop"><a href="#summary">back to summary</a></p>
<h3 id="m28">pomExecution.NewTestNG1#loginToApplication</h3><table class="result"><tr><th class="invisible"/></tr></table><p class="totop"><a href="#summary">back to summary</a></p>
<h3 id="m29">pomExecution.NewTestNG1#logout</h3><table class="result"><tr><th class="invisible"/></tr></table><p class="totop"><a href="#summary">back to summary</a></p>
<h3 id="m30">pomExecution.NewTestNG2#closedBrowser</h3><table class="result"><tr><th class="invisible"/></tr></table><p class="totop"><a href="#summary">back to summary</a></p>
<h3 id="m31">pomExecution.NewTestNG2#launchBrowser</h3><table class="result"><tr><th class="invisible"/></tr></table><p class="totop"><a href="#summary">back to summary</a></p>
<h3 id="m32">pomExecution.NewTestNG2#loginToApplication</h3><table class="result"><tr><th class="invisible"/></tr></table><p class="totop"><a href="#summary">back to summary</a></p>
<h3 id="m33">pomExecution.NewTestNG2#logout</h3><table class="result"><tr><th class="invisible"/></tr></table><p class="totop"><a href="#summary">back to summary</a></p>
<h3 id="m34">pomExecution.NewTestNG#registerPage</h3><table class="result"><tr><th>Exception</th></tr><tr><td><div class="stacktrace">org.testng.TestNGException: 
Parameter &apos;Browsers&apos; is required by BeforeTest on method launchBrowser but has not been marked @Optional or defined
in D:\Eclipsse workspace\EWS\OpenCart_Pooja\testng.xml
... Removed 21 stack frames</div></td></tr></table><p class="totop"><a href="#summary">back to summary</a></p>
<h3 id="m35">pomExecution.NewTestNG1#loginPage</h3><table class="result"><tr><th>Exception</th></tr><tr><td><div class="stacktrace">org.testng.TestNGException: 
Parameter &apos;Browsers&apos; is required by BeforeTest on method launchBrowser but has not been marked @Optional or defined
in D:\Eclipsse workspace\EWS\OpenCart_Pooja\testng.xml
... Removed 21 stack frames</div></td></tr></table><p class="totop"><a href="#summary">back to summary</a></p>
<h3 id="m36">pomExecution.NewTestNG2#loginPage</h3><table class="result"><tr><th>Exception</th></tr><tr><td><div class="stacktrace">org.testng.TestNGException: 
Parameter &apos;Browsers&apos; is required by BeforeTest on method launchBrowser but has not been marked @Optional or defined
in D:\Eclipsse workspace\EWS\OpenCart_Pooja\testng.xml
... Removed 21 stack frames</div></td></tr></table><p class="totop"><a href="#summary">back to summary</a></p>
</body>
</html>
