<?xml version="1.0" encoding="UTF-8"?>
<testng-results ignored="0" total="6" passed="0" failed="0" skipped="6">
  <reporter-output>
  </reporter-output>
  <suite started-at="2022-03-05T12:47:12 IST" name="Suite" finished-at="2022-03-05T12:47:30 IST" duration-ms="17453">
    <groups>
    </groups>
    <test started-at="2022-03-05T12:47:12 IST" name="ChromeTest" finished-at="2022-03-05T12:47:12 IST" duration-ms="152">
      <class name="pomExecution.NewTestNG2">
        <test-method is-config="true" signature="launchBrowser()[pri:0, instance:pomExecution.NewTestNG2@78123e82]" started-at="2022-03-05T12:47:12 IST" name="launchBrowser" finished-at="1970-01-01T05:30:00 IST" duration-ms="-1646464632961" status="SKIP">
          <reporter-output>
          </reporter-output>
        </test-method> <!-- launchBrowser -->
        <test-method is-config="true" signature="loginToApplication()[pri:0, instance:pomExecution.NewTestNG2@78123e82]" started-at="2022-03-05T12:47:12 IST" name="loginToApplication" finished-at="1970-01-01T05:30:00 IST" duration-ms="-1646464632963" status="SKIP">
          <reporter-output>
          </reporter-output>
        </test-method> <!-- loginToApplication -->
        <test-method signature="loginPage()[pri:1, instance:pomExecution.NewTestNG2@78123e82]" started-at="2022-03-05T12:47:12 IST" name="loginPage" finished-at="2022-03-05T12:47:12 IST" duration-ms="0" status="SKIP">
          <exception class="java.lang.NullPointerException">
            <message>
              <![CDATA[Cannot invoke "org.openqa.selenium.WebDriver.manage()" because "this.driver" is null]]>
            </message>
            <full-stacktrace>
              <![CDATA[java.lang.NullPointerException: Cannot invoke "org.openqa.selenium.WebDriver.manage()" because "this.driver" is null
at pomExecution.NewTestNG.launchBrowser(NewTestNG.java:44)
at java.base/jdk.internal.reflect.NativeMethodAccessorImpl.invoke0(Native Method)
at java.base/jdk.internal.reflect.NativeMethodAccessorImpl.invoke(NativeMethodAccessorImpl.java:77)
at java.base/jdk.internal.reflect.DelegatingMethodAccessorImpl.invoke(DelegatingMethodAccessorImpl.java:43)
at java.base/java.lang.reflect.Method.invoke(Method.java:568)
at org.testng.internal.MethodInvocationHelper.invokeMethod(MethodInvocationHelper.java:133)
at org.testng.internal.MethodInvocationHelper.invokeMethodConsideringTimeout(MethodInvocationHelper.java:62)
at org.testng.internal.ConfigInvoker.invokeConfigurationMethod(ConfigInvoker.java:385)
at org.testng.internal.ConfigInvoker.invokeConfigurations(ConfigInvoker.java:321)
at org.testng.TestRunner.invokeTestConfigurations(TestRunner.java:637)
at org.testng.TestRunner.beforeRun(TestRunner.java:627)
at org.testng.TestRunner.run(TestRunner.java:589)
at org.testng.SuiteRunner.runTest(SuiteRunner.java:377)
at org.testng.SuiteRunner.runSequentially(SuiteRunner.java:371)
at org.testng.SuiteRunner.privateRun(SuiteRunner.java:332)
at org.testng.SuiteRunner.run(SuiteRunner.java:276)
at org.testng.SuiteRunnerWorker.runSuite(SuiteRunnerWorker.java:53)
at org.testng.SuiteRunnerWorker.run(SuiteRunnerWorker.java:96)
at org.testng.TestNG.runSuitesSequentially(TestNG.java:1212)
at org.testng.TestNG.runSuitesLocally(TestNG.java:1134)
at org.testng.TestNG.runSuites(TestNG.java:1063)
at org.testng.TestNG.run(TestNG.java:1031)
at org.testng.remote.AbstractRemoteTestNG.run(AbstractRemoteTestNG.java:115)
at org.testng.remote.RemoteTestNG.initAndRun(RemoteTestNG.java:251)
at org.testng.remote.RemoteTestNG.main(RemoteTestNG.java:77)
]]>
            </full-stacktrace>
          </exception> <!-- java.lang.NullPointerException -->
          <reporter-output>
          </reporter-output>
        </test-method> <!-- loginPage -->
        <test-method is-config="true" signature="logout()[pri:0, instance:pomExecution.NewTestNG2@78123e82]" started-at="2022-03-05T12:47:12 IST" name="logout" finished-at="1970-01-01T05:30:00 IST" duration-ms="-1646464632974" status="SKIP">
          <reporter-output>
          </reporter-output>
        </test-method> <!-- logout -->
        <test-method is-config="true" signature="closedBrowser()[pri:0, instance:pomExecution.NewTestNG2@78123e82]" started-at="2022-03-05T12:47:12 IST" name="closedBrowser" finished-at="1970-01-01T05:30:00 IST" duration-ms="-1646464632976" status="SKIP">
          <reporter-output>
          </reporter-output>
        </test-method> <!-- closedBrowser -->
      </class> <!-- pomExecution.NewTestNG2 -->
      <class name="pomExecution.NewTestNG1">
        <test-method is-config="true" signature="launchBrowser(java.lang.String)[pri:0, instance:pomExecution.NewTestNG1@76c3e77a]" started-at="2022-03-05T12:47:12 IST" name="launchBrowser" finished-at="1970-01-01T05:30:00 IST" duration-ms="-1646464632893" status="SKIP">
          <reporter-output>
          </reporter-output>
        </test-method> <!-- launchBrowser -->
        <test-method is-config="true" signature="createObjectOfPom()[pri:0, instance:pomExecution.NewTestNG1@76c3e77a]" started-at="2022-03-05T12:47:12 IST" name="createObjectOfPom" finished-at="1970-01-01T05:30:00 IST" duration-ms="-1646464632951" status="SKIP">
          <reporter-output>
          </reporter-output>
        </test-method> <!-- createObjectOfPom -->
        <test-method is-config="true" signature="loginToApplication()[pri:0, instance:pomExecution.NewTestNG1@76c3e77a]" started-at="2022-03-05T12:47:12 IST" name="loginToApplication" finished-at="1970-01-01T05:30:00 IST" duration-ms="-1646464632953" status="SKIP">
          <reporter-output>
          </reporter-output>
        </test-method> <!-- loginToApplication -->
        <test-method signature="loginPage()[pri:0, instance:pomExecution.NewTestNG1@76c3e77a]" started-at="2022-03-05T12:47:12 IST" name="loginPage" finished-at="2022-03-05T12:47:12 IST" duration-ms="0" status="SKIP">
          <exception class="java.lang.NullPointerException">
            <message>
              <![CDATA[Cannot invoke "org.openqa.selenium.WebDriver.manage()" because "this.driver" is null]]>
            </message>
            <full-stacktrace>
              <![CDATA[java.lang.NullPointerException: Cannot invoke "org.openqa.selenium.WebDriver.manage()" because "this.driver" is null
at pomExecution.NewTestNG.launchBrowser(NewTestNG.java:44)
at java.base/jdk.internal.reflect.NativeMethodAccessorImpl.invoke0(Native Method)
at java.base/jdk.internal.reflect.NativeMethodAccessorImpl.invoke(NativeMethodAccessorImpl.java:77)
at java.base/jdk.internal.reflect.DelegatingMethodAccessorImpl.invoke(DelegatingMethodAccessorImpl.java:43)
at java.base/java.lang.reflect.Method.invoke(Method.java:568)
at org.testng.internal.MethodInvocationHelper.invokeMethod(MethodInvocationHelper.java:133)
at org.testng.internal.MethodInvocationHelper.invokeMethodConsideringTimeout(MethodInvocationHelper.java:62)
at org.testng.internal.ConfigInvoker.invokeConfigurationMethod(ConfigInvoker.java:385)
at org.testng.internal.ConfigInvoker.invokeConfigurations(ConfigInvoker.java:321)
at org.testng.TestRunner.invokeTestConfigurations(TestRunner.java:637)
at org.testng.TestRunner.beforeRun(TestRunner.java:627)
at org.testng.TestRunner.run(TestRunner.java:589)
at org.testng.SuiteRunner.runTest(SuiteRunner.java:377)
at org.testng.SuiteRunner.runSequentially(SuiteRunner.java:371)
at org.testng.SuiteRunner.privateRun(SuiteRunner.java:332)
at org.testng.SuiteRunner.run(SuiteRunner.java:276)
at org.testng.SuiteRunnerWorker.runSuite(SuiteRunnerWorker.java:53)
at org.testng.SuiteRunnerWorker.run(SuiteRunnerWorker.java:96)
at org.testng.TestNG.runSuitesSequentially(TestNG.java:1212)
at org.testng.TestNG.runSuitesLocally(TestNG.java:1134)
at org.testng.TestNG.runSuites(TestNG.java:1063)
at org.testng.TestNG.run(TestNG.java:1031)
at org.testng.remote.AbstractRemoteTestNG.run(AbstractRemoteTestNG.java:115)
at org.testng.remote.RemoteTestNG.initAndRun(RemoteTestNG.java:251)
at org.testng.remote.RemoteTestNG.main(RemoteTestNG.java:77)
]]>
            </full-stacktrace>
          </exception> <!-- java.lang.NullPointerException -->
          <reporter-output>
          </reporter-output>
        </test-method> <!-- loginPage -->
        <test-method is-config="true" signature="logout()[pri:0, instance:pomExecution.NewTestNG1@76c3e77a]" started-at="2022-03-05T12:47:12 IST" name="logout" finished-at="1970-01-01T05:30:00 IST" duration-ms="-1646464632959" status="SKIP">
          <reporter-output>
          </reporter-output>
        </test-method> <!-- logout -->
        <test-method is-config="true" signature="clearThePom()[pri:0, instance:pomExecution.NewTestNG1@76c3e77a]" started-at="2022-03-05T12:47:12 IST" name="clearThePom" finished-at="1970-01-01T05:30:00 IST" duration-ms="-1646464632960" status="SKIP">
          <reporter-output>
          </reporter-output>
        </test-method> <!-- clearThePom -->
        <test-method is-config="true" signature="closedBrowser()[pri:0, instance:pomExecution.NewTestNG1@76c3e77a]" started-at="2022-03-05T12:47:12 IST" name="closedBrowser" finished-at="1970-01-01T05:30:00 IST" duration-ms="-1646464632978" status="SKIP">
          <reporter-output>
          </reporter-output>
        </test-method> <!-- closedBrowser -->
      </class> <!-- pomExecution.NewTestNG1 -->
      <class name="pomExecution.NewTestNG">
        <test-method is-config="true" signature="launchBrowser(java.lang.String)[pri:0, instance:pomExecution.NewTestNG@483f6d77]" started-at="2022-03-05T12:47:12 IST" name="launchBrowser" finished-at="2022-03-05T12:47:12 IST" duration-ms="37" status="FAIL">
          <params>
            <param index="0">
              <value>
                <![CDATA[chrome]]>
              </value>
            </param>
          </params>
          <exception class="java.lang.NullPointerException">
            <message>
              <![CDATA[Cannot invoke "org.openqa.selenium.WebDriver.manage()" because "this.driver" is null]]>
            </message>
            <full-stacktrace>
              <![CDATA[java.lang.NullPointerException: Cannot invoke "org.openqa.selenium.WebDriver.manage()" because "this.driver" is null
at pomExecution.NewTestNG.launchBrowser(NewTestNG.java:44)
at java.base/jdk.internal.reflect.NativeMethodAccessorImpl.invoke0(Native Method)
at java.base/jdk.internal.reflect.NativeMethodAccessorImpl.invoke(NativeMethodAccessorImpl.java:77)
at java.base/jdk.internal.reflect.DelegatingMethodAccessorImpl.invoke(DelegatingMethodAccessorImpl.java:43)
at java.base/java.lang.reflect.Method.invoke(Method.java:568)
at org.testng.internal.MethodInvocationHelper.invokeMethod(MethodInvocationHelper.java:133)
at org.testng.internal.MethodInvocationHelper.invokeMethodConsideringTimeout(MethodInvocationHelper.java:62)
at org.testng.internal.ConfigInvoker.invokeConfigurationMethod(ConfigInvoker.java:385)
at org.testng.internal.ConfigInvoker.invokeConfigurations(ConfigInvoker.java:321)
at org.testng.TestRunner.invokeTestConfigurations(TestRunner.java:637)
at org.testng.TestRunner.beforeRun(TestRunner.java:627)
at org.testng.TestRunner.run(TestRunner.java:589)
at org.testng.SuiteRunner.runTest(SuiteRunner.java:377)
at org.testng.SuiteRunner.runSequentially(SuiteRunner.java:371)
at org.testng.SuiteRunner.privateRun(SuiteRunner.java:332)
at org.testng.SuiteRunner.run(SuiteRunner.java:276)
at org.testng.SuiteRunnerWorker.runSuite(SuiteRunnerWorker.java:53)
at org.testng.SuiteRunnerWorker.run(SuiteRunnerWorker.java:96)
at org.testng.TestNG.runSuitesSequentially(TestNG.java:1212)
at org.testng.TestNG.runSuitesLocally(TestNG.java:1134)
at org.testng.TestNG.runSuites(TestNG.java:1063)
at org.testng.TestNG.run(TestNG.java:1031)
at org.testng.remote.AbstractRemoteTestNG.run(AbstractRemoteTestNG.java:115)
at org.testng.remote.RemoteTestNG.initAndRun(RemoteTestNG.java:251)
at org.testng.remote.RemoteTestNG.main(RemoteTestNG.java:77)
]]>
            </full-stacktrace>
          </exception> <!-- java.lang.NullPointerException -->
          <reporter-output>
          </reporter-output>
        </test-method> <!-- launchBrowser -->
        <test-method is-config="true" signature="createObjectOfPom()[pri:0, instance:pomExecution.NewTestNG@483f6d77]" started-at="2022-03-05T12:47:12 IST" name="createObjectOfPom" finished-at="1970-01-01T05:30:00 IST" duration-ms="-1646464632916" status="SKIP">
          <reporter-output>
          </reporter-output>
        </test-method> <!-- createObjectOfPom -->
        <test-method is-config="true" signature="loginToApplication()[pri:0, instance:pomExecution.NewTestNG@483f6d77]" started-at="2022-03-05T12:47:12 IST" name="loginToApplication" finished-at="1970-01-01T05:30:00 IST" duration-ms="-1646464632934" status="SKIP">
          <reporter-output>
          </reporter-output>
        </test-method> <!-- loginToApplication -->
        <test-method signature="registerPage()[pri:0, instance:pomExecution.NewTestNG@483f6d77]" started-at="2022-03-05T12:47:12 IST" name="registerPage" finished-at="2022-03-05T12:47:12 IST" duration-ms="0" status="SKIP">
          <exception class="java.lang.NullPointerException">
            <message>
              <![CDATA[Cannot invoke "org.openqa.selenium.WebDriver.manage()" because "this.driver" is null]]>
            </message>
            <full-stacktrace>
              <![CDATA[java.lang.NullPointerException: Cannot invoke "org.openqa.selenium.WebDriver.manage()" because "this.driver" is null
at pomExecution.NewTestNG.launchBrowser(NewTestNG.java:44)
at java.base/jdk.internal.reflect.NativeMethodAccessorImpl.invoke0(Native Method)
at java.base/jdk.internal.reflect.NativeMethodAccessorImpl.invoke(NativeMethodAccessorImpl.java:77)
at java.base/jdk.internal.reflect.DelegatingMethodAccessorImpl.invoke(DelegatingMethodAccessorImpl.java:43)
at java.base/java.lang.reflect.Method.invoke(Method.java:568)
at org.testng.internal.MethodInvocationHelper.invokeMethod(MethodInvocationHelper.java:133)
at org.testng.internal.MethodInvocationHelper.invokeMethodConsideringTimeout(MethodInvocationHelper.java:62)
at org.testng.internal.ConfigInvoker.invokeConfigurationMethod(ConfigInvoker.java:385)
at org.testng.internal.ConfigInvoker.invokeConfigurations(ConfigInvoker.java:321)
at org.testng.TestRunner.invokeTestConfigurations(TestRunner.java:637)
at org.testng.TestRunner.beforeRun(TestRunner.java:627)
at org.testng.TestRunner.run(TestRunner.java:589)
at org.testng.SuiteRunner.runTest(SuiteRunner.java:377)
at org.testng.SuiteRunner.runSequentially(SuiteRunner.java:371)
at org.testng.SuiteRunner.privateRun(SuiteRunner.java:332)
at org.testng.SuiteRunner.run(SuiteRunner.java:276)
at org.testng.SuiteRunnerWorker.runSuite(SuiteRunnerWorker.java:53)
at org.testng.SuiteRunnerWorker.run(SuiteRunnerWorker.java:96)
at org.testng.TestNG.runSuitesSequentially(TestNG.java:1212)
at org.testng.TestNG.runSuitesLocally(TestNG.java:1134)
at org.testng.TestNG.runSuites(TestNG.java:1063)
at org.testng.TestNG.run(TestNG.java:1031)
at org.testng.remote.AbstractRemoteTestNG.run(AbstractRemoteTestNG.java:115)
at org.testng.remote.RemoteTestNG.initAndRun(RemoteTestNG.java:251)
at org.testng.remote.RemoteTestNG.main(RemoteTestNG.java:77)
]]>
            </full-stacktrace>
          </exception> <!-- java.lang.NullPointerException -->
          <reporter-output>
          </reporter-output>
        </test-method> <!-- registerPage -->
        <test-method is-config="true" signature="logout()[pri:0, instance:pomExecution.NewTestNG@483f6d77]" started-at="2022-03-05T12:47:12 IST" name="logout" finished-at="1970-01-01T05:30:00 IST" duration-ms="-1646464632942" status="SKIP">
          <reporter-output>
          </reporter-output>
        </test-method> <!-- logout -->
        <test-method is-config="true" signature="clearPomObject()[pri:0, instance:pomExecution.NewTestNG@483f6d77]" started-at="2022-03-05T12:47:12 IST" name="clearPomObject" finished-at="1970-01-01T05:30:00 IST" duration-ms="-1646464632945" status="SKIP">
          <reporter-output>
          </reporter-output>
        </test-method> <!-- clearPomObject -->
        <test-method is-config="true" signature="closedBrowser()[pri:0, instance:pomExecution.NewTestNG@483f6d77]" started-at="2022-03-05T12:47:12 IST" name="closedBrowser" finished-at="1970-01-01T05:30:00 IST" duration-ms="-1646464632976" status="SKIP">
          <reporter-output>
          </reporter-output>
        </test-method> <!-- closedBrowser -->
      </class> <!-- pomExecution.NewTestNG -->
    </test> <!-- ChromeTest -->
    <test started-at="2022-03-05T12:47:13 IST" name="OperaTest" finished-at="2022-03-05T12:47:30 IST" duration-ms="17187">
      <class name="pomExecution.NewTestNG2">
        <test-method is-config="true" signature="launchBrowser()[pri:0, instance:pomExecution.NewTestNG2@1b2abca6]" started-at="2022-03-05T12:47:30 IST" name="launchBrowser" finished-at="1970-01-01T05:30:00 IST" duration-ms="-1646464650256" status="SKIP">
          <reporter-output>
          </reporter-output>
        </test-method> <!-- launchBrowser -->
        <test-method is-config="true" signature="loginToApplication()[pri:0, instance:pomExecution.NewTestNG2@1b2abca6]" started-at="2022-03-05T12:47:30 IST" name="loginToApplication" finished-at="1970-01-01T05:30:00 IST" duration-ms="-1646464650259" status="SKIP">
          <reporter-output>
          </reporter-output>
        </test-method> <!-- loginToApplication -->
        <test-method signature="loginPage()[pri:1, instance:pomExecution.NewTestNG2@1b2abca6]" started-at="2022-03-05T12:47:30 IST" name="loginPage" finished-at="2022-03-05T12:47:30 IST" duration-ms="0" status="SKIP">
          <exception class="org.testng.TestNGException">
            <message>
              <![CDATA[
Parameter 'Browsers' is required by BeforeTest on method launchBrowser but has not been marked @Optional or defined
in D:\Eclipsse workspace\EWS\OpenCart_Pooja\testng.xml]]>
            </message>
            <full-stacktrace>
              <![CDATA[org.testng.TestNGException: 
Parameter 'Browsers' is required by BeforeTest on method launchBrowser but has not been marked @Optional or defined
in D:\Eclipsse workspace\EWS\OpenCart_Pooja\testng.xml
at org.testng.internal.Parameters.createParams(Parameters.java:270)
at org.testng.internal.Parameters.createParametersForMethod(Parameters.java:358)
at org.testng.internal.Parameters.createParameters(Parameters.java:700)
at org.testng.internal.Parameters.createConfigurationParameters(Parameters.java:168)
at org.testng.internal.ConfigInvoker.invokeConfigurations(ConfigInvoker.java:302)
at org.testng.TestRunner.invokeTestConfigurations(TestRunner.java:637)
at org.testng.TestRunner.beforeRun(TestRunner.java:627)
at org.testng.TestRunner.run(TestRunner.java:589)
at org.testng.SuiteRunner.runTest(SuiteRunner.java:377)
at org.testng.SuiteRunner.runSequentially(SuiteRunner.java:371)
at org.testng.SuiteRunner.privateRun(SuiteRunner.java:332)
at org.testng.SuiteRunner.run(SuiteRunner.java:276)
at org.testng.SuiteRunnerWorker.runSuite(SuiteRunnerWorker.java:53)
at org.testng.SuiteRunnerWorker.run(SuiteRunnerWorker.java:96)
at org.testng.TestNG.runSuitesSequentially(TestNG.java:1212)
at org.testng.TestNG.runSuitesLocally(TestNG.java:1134)
at org.testng.TestNG.runSuites(TestNG.java:1063)
at org.testng.TestNG.run(TestNG.java:1031)
at org.testng.remote.AbstractRemoteTestNG.run(AbstractRemoteTestNG.java:115)
at org.testng.remote.RemoteTestNG.initAndRun(RemoteTestNG.java:251)
at org.testng.remote.RemoteTestNG.main(RemoteTestNG.java:77)
]]>
            </full-stacktrace>
          </exception> <!-- org.testng.TestNGException -->
          <reporter-output>
          </reporter-output>
        </test-method> <!-- loginPage -->
        <test-method is-config="true" signature="logout()[pri:0, instance:pomExecution.NewTestNG2@1b2abca6]" started-at="2022-03-05T12:47:30 IST" name="logout" finished-at="1970-01-01T05:30:00 IST" duration-ms="-1646464650269" status="SKIP">
          <reporter-output>
          </reporter-output>
        </test-method> <!-- logout -->
        <test-method is-config="true" signature="closedBrowser()[pri:0, instance:pomExecution.NewTestNG2@1b2abca6]" started-at="2022-03-05T12:47:30 IST" name="closedBrowser" finished-at="1970-01-01T05:30:00 IST" duration-ms="-1646464650271" status="SKIP">
          <reporter-output>
          </reporter-output>
        </test-method> <!-- closedBrowser -->
      </class> <!-- pomExecution.NewTestNG2 -->
      <class name="pomExecution.NewTestNG">
        <test-method is-config="true" signature="launchBrowser(java.lang.String)[pri:0, instance:pomExecution.NewTestNG@209da20d]" started-at="2022-03-05T12:47:13 IST" name="launchBrowser" finished-at="2022-03-05T12:47:30 IST" duration-ms="17100" status="PASS">
          <params>
            <param index="0">
              <value>
                <![CDATA[Opera]]>
              </value>
            </param>
          </params>
          <reporter-output>
          </reporter-output>
        </test-method> <!-- launchBrowser -->
        <test-method is-config="true" signature="createObjectOfPom()[pri:0, instance:pomExecution.NewTestNG@209da20d]" started-at="2022-03-05T12:47:30 IST" name="createObjectOfPom" finished-at="1970-01-01T05:30:00 IST" duration-ms="-1646464650205" status="SKIP">
          <reporter-output>
          </reporter-output>
        </test-method> <!-- createObjectOfPom -->
        <test-method is-config="true" signature="loginToApplication()[pri:0, instance:pomExecution.NewTestNG@209da20d]" started-at="2022-03-05T12:47:30 IST" name="loginToApplication" finished-at="1970-01-01T05:30:00 IST" duration-ms="-1646464650209" status="SKIP">
          <reporter-output>
          </reporter-output>
        </test-method> <!-- loginToApplication -->
        <test-method signature="registerPage()[pri:0, instance:pomExecution.NewTestNG@209da20d]" started-at="2022-03-05T12:47:30 IST" name="registerPage" finished-at="2022-03-05T12:47:30 IST" duration-ms="0" status="SKIP">
          <exception class="org.testng.TestNGException">
            <message>
              <![CDATA[
Parameter 'Browsers' is required by BeforeTest on method launchBrowser but has not been marked @Optional or defined
in D:\Eclipsse workspace\EWS\OpenCart_Pooja\testng.xml]]>
            </message>
            <full-stacktrace>
              <![CDATA[org.testng.TestNGException: 
Parameter 'Browsers' is required by BeforeTest on method launchBrowser but has not been marked @Optional or defined
in D:\Eclipsse workspace\EWS\OpenCart_Pooja\testng.xml
at org.testng.internal.Parameters.createParams(Parameters.java:270)
at org.testng.internal.Parameters.createParametersForMethod(Parameters.java:358)
at org.testng.internal.Parameters.createParameters(Parameters.java:700)
at org.testng.internal.Parameters.createConfigurationParameters(Parameters.java:168)
at org.testng.internal.ConfigInvoker.invokeConfigurations(ConfigInvoker.java:302)
at org.testng.TestRunner.invokeTestConfigurations(TestRunner.java:637)
at org.testng.TestRunner.beforeRun(TestRunner.java:627)
at org.testng.TestRunner.run(TestRunner.java:589)
at org.testng.SuiteRunner.runTest(SuiteRunner.java:377)
at org.testng.SuiteRunner.runSequentially(SuiteRunner.java:371)
at org.testng.SuiteRunner.privateRun(SuiteRunner.java:332)
at org.testng.SuiteRunner.run(SuiteRunner.java:276)
at org.testng.SuiteRunnerWorker.runSuite(SuiteRunnerWorker.java:53)
at org.testng.SuiteRunnerWorker.run(SuiteRunnerWorker.java:96)
at org.testng.TestNG.runSuitesSequentially(TestNG.java:1212)
at org.testng.TestNG.runSuitesLocally(TestNG.java:1134)
at org.testng.TestNG.runSuites(TestNG.java:1063)
at org.testng.TestNG.run(TestNG.java:1031)
at org.testng.remote.AbstractRemoteTestNG.run(AbstractRemoteTestNG.java:115)
at org.testng.remote.RemoteTestNG.initAndRun(RemoteTestNG.java:251)
at org.testng.remote.RemoteTestNG.main(RemoteTestNG.java:77)
]]>
            </full-stacktrace>
          </exception> <!-- org.testng.TestNGException -->
          <reporter-output>
          </reporter-output>
        </test-method> <!-- registerPage -->
        <test-method is-config="true" signature="logout()[pri:0, instance:pomExecution.NewTestNG@209da20d]" started-at="2022-03-05T12:47:30 IST" name="logout" finished-at="1970-01-01T05:30:00 IST" duration-ms="-1646464650221" status="SKIP">
          <reporter-output>
          </reporter-output>
        </test-method> <!-- logout -->
        <test-method is-config="true" signature="clearPomObject()[pri:0, instance:pomExecution.NewTestNG@209da20d]" started-at="2022-03-05T12:47:30 IST" name="clearPomObject" finished-at="1970-01-01T05:30:00 IST" duration-ms="-1646464650225" status="SKIP">
          <reporter-output>
          </reporter-output>
        </test-method> <!-- clearPomObject -->
        <test-method is-config="true" signature="closedBrowser()[pri:0, instance:pomExecution.NewTestNG@209da20d]" started-at="2022-03-05T12:47:30 IST" name="closedBrowser" finished-at="1970-01-01T05:30:00 IST" duration-ms="-1646464650274" status="SKIP">
          <reporter-output>
          </reporter-output>
        </test-method> <!-- closedBrowser -->
      </class> <!-- pomExecution.NewTestNG -->
      <class name="pomExecution.NewTestNG1">
        <test-method is-config="true" signature="launchBrowser(java.lang.String)[pri:0, instance:pomExecution.NewTestNG1@e15b7e8]" started-at="2022-03-05T12:47:30 IST" name="launchBrowser" finished-at="1970-01-01T05:30:00 IST" duration-ms="-1646464650194" status="FAIL">
          <exception class="org.testng.TestNGException">
            <message>
              <![CDATA[
Parameter 'Browsers' is required by BeforeTest on method launchBrowser but has not been marked @Optional or defined
in D:\Eclipsse workspace\EWS\OpenCart_Pooja\testng.xml]]>
            </message>
            <full-stacktrace>
              <![CDATA[org.testng.TestNGException: 
Parameter 'Browsers' is required by BeforeTest on method launchBrowser but has not been marked @Optional or defined
in D:\Eclipsse workspace\EWS\OpenCart_Pooja\testng.xml
at org.testng.internal.Parameters.createParams(Parameters.java:270)
at org.testng.internal.Parameters.createParametersForMethod(Parameters.java:358)
at org.testng.internal.Parameters.createParameters(Parameters.java:700)
at org.testng.internal.Parameters.createConfigurationParameters(Parameters.java:168)
at org.testng.internal.ConfigInvoker.invokeConfigurations(ConfigInvoker.java:302)
at org.testng.TestRunner.invokeTestConfigurations(TestRunner.java:637)
at org.testng.TestRunner.beforeRun(TestRunner.java:627)
at org.testng.TestRunner.run(TestRunner.java:589)
at org.testng.SuiteRunner.runTest(SuiteRunner.java:377)
at org.testng.SuiteRunner.runSequentially(SuiteRunner.java:371)
at org.testng.SuiteRunner.privateRun(SuiteRunner.java:332)
at org.testng.SuiteRunner.run(SuiteRunner.java:276)
at org.testng.SuiteRunnerWorker.runSuite(SuiteRunnerWorker.java:53)
at org.testng.SuiteRunnerWorker.run(SuiteRunnerWorker.java:96)
at org.testng.TestNG.runSuitesSequentially(TestNG.java:1212)
at org.testng.TestNG.runSuitesLocally(TestNG.java:1134)
at org.testng.TestNG.runSuites(TestNG.java:1063)
at org.testng.TestNG.run(TestNG.java:1031)
at org.testng.remote.AbstractRemoteTestNG.run(AbstractRemoteTestNG.java:115)
at org.testng.remote.RemoteTestNG.initAndRun(RemoteTestNG.java:251)
at org.testng.remote.RemoteTestNG.main(RemoteTestNG.java:77)
]]>
            </full-stacktrace>
          </exception> <!-- org.testng.TestNGException -->
          <reporter-output>
          </reporter-output>
        </test-method> <!-- launchBrowser -->
        <test-method is-config="true" signature="createObjectOfPom()[pri:0, instance:pomExecution.NewTestNG1@e15b7e8]" started-at="2022-03-05T12:47:30 IST" name="createObjectOfPom" finished-at="1970-01-01T05:30:00 IST" duration-ms="-1646464650230" status="SKIP">
          <reporter-output>
          </reporter-output>
        </test-method> <!-- createObjectOfPom -->
        <test-method is-config="true" signature="loginToApplication()[pri:0, instance:pomExecution.NewTestNG1@e15b7e8]" started-at="2022-03-05T12:47:30 IST" name="loginToApplication" finished-at="1970-01-01T05:30:00 IST" duration-ms="-1646464650237" status="SKIP">
          <reporter-output>
          </reporter-output>
        </test-method> <!-- loginToApplication -->
        <test-method signature="loginPage()[pri:0, instance:pomExecution.NewTestNG1@e15b7e8]" started-at="2022-03-05T12:47:30 IST" name="loginPage" finished-at="2022-03-05T12:47:30 IST" duration-ms="0" status="SKIP">
          <exception class="org.testng.TestNGException">
            <message>
              <![CDATA[
Parameter 'Browsers' is required by BeforeTest on method launchBrowser but has not been marked @Optional or defined
in D:\Eclipsse workspace\EWS\OpenCart_Pooja\testng.xml]]>
            </message>
            <full-stacktrace>
              <![CDATA[org.testng.TestNGException: 
Parameter 'Browsers' is required by BeforeTest on method launchBrowser but has not been marked @Optional or defined
in D:\Eclipsse workspace\EWS\OpenCart_Pooja\testng.xml
at org.testng.internal.Parameters.createParams(Parameters.java:270)
at org.testng.internal.Parameters.createParametersForMethod(Parameters.java:358)
at org.testng.internal.Parameters.createParameters(Parameters.java:700)
at org.testng.internal.Parameters.createConfigurationParameters(Parameters.java:168)
at org.testng.internal.ConfigInvoker.invokeConfigurations(ConfigInvoker.java:302)
at org.testng.TestRunner.invokeTestConfigurations(TestRunner.java:637)
at org.testng.TestRunner.beforeRun(TestRunner.java:627)
at org.testng.TestRunner.run(TestRunner.java:589)
at org.testng.SuiteRunner.runTest(SuiteRunner.java:377)
at org.testng.SuiteRunner.runSequentially(SuiteRunner.java:371)
at org.testng.SuiteRunner.privateRun(SuiteRunner.java:332)
at org.testng.SuiteRunner.run(SuiteRunner.java:276)
at org.testng.SuiteRunnerWorker.runSuite(SuiteRunnerWorker.java:53)
at org.testng.SuiteRunnerWorker.run(SuiteRunnerWorker.java:96)
at org.testng.TestNG.runSuitesSequentially(TestNG.java:1212)
at org.testng.TestNG.runSuitesLocally(TestNG.java:1134)
at org.testng.TestNG.runSuites(TestNG.java:1063)
at org.testng.TestNG.run(TestNG.java:1031)
at org.testng.remote.AbstractRemoteTestNG.run(AbstractRemoteTestNG.java:115)
at org.testng.remote.RemoteTestNG.initAndRun(RemoteTestNG.java:251)
at org.testng.remote.RemoteTestNG.main(RemoteTestNG.java:77)
]]>
            </full-stacktrace>
          </exception> <!-- org.testng.TestNGException -->
          <reporter-output>
          </reporter-output>
        </test-method> <!-- loginPage -->
        <test-method is-config="true" signature="logout()[pri:0, instance:pomExecution.NewTestNG1@e15b7e8]" started-at="2022-03-05T12:47:30 IST" name="logout" finished-at="1970-01-01T05:30:00 IST" duration-ms="-1646464650245" status="SKIP">
          <reporter-output>
          </reporter-output>
        </test-method> <!-- logout -->
        <test-method is-config="true" signature="clearThePom()[pri:0, instance:pomExecution.NewTestNG1@e15b7e8]" started-at="2022-03-05T12:47:30 IST" name="clearThePom" finished-at="1970-01-01T05:30:00 IST" duration-ms="-1646464650252" status="SKIP">
          <reporter-output>
          </reporter-output>
        </test-method> <!-- clearThePom -->
        <test-method is-config="true" signature="closedBrowser()[pri:0, instance:pomExecution.NewTestNG1@e15b7e8]" started-at="2022-03-05T12:47:30 IST" name="closedBrowser" finished-at="1970-01-01T05:30:00 IST" duration-ms="-1646464650277" status="SKIP">
          <reporter-output>
          </reporter-output>
        </test-method> <!-- closedBrowser -->
      </class> <!-- pomExecution.NewTestNG1 -->
    </test> <!-- OperaTest -->
  </suite> <!-- Suite -->
</testng-results>
